<?xml version="1.0" encoding="UTF-8"?>
<testng-results ignored="0" total="1" passed="1" failed="0" skipped="0">
  <reporter-output>
  </reporter-output>
  <suite started-at="2022-08-12T21:00:28 IST" name="Default suite" finished-at="2022-08-12T21:00:28 IST" duration-ms="45">
    <groups>
    </groups>
    <test started-at="2022-08-12T21:00:28 IST" name="Default test" finished-at="2022-08-12T21:00:28 IST" duration-ms="45">
      <class name="TEstNgbasic.SoftAssert_pract">
        <test-method signature="testLoginHeading()[pri:0, instance:TEstNgbasic.SoftAssert_pract@61d6015a]" started-at="2022-08-12T21:00:28 IST" name="testLoginHeading" finished-at="2022-08-12T21:00:28 IST" duration-ms="8" status="PASS">
          <reporter-output>
          </reporter-output>
        </test-method> <!-- testLoginHeading -->
      </class> <!-- TEstNgbasic.SoftAssert_pract -->
    </test> <!-- Default test -->
  </suite> <!-- Default suite -->
</testng-results>
